Nsg/app/build/outputs/logs/manifest-merger-debug-report.txt
-- Merging decision tree log ---
manifest
ADDED from src/main/AndroidManifest.xml:3:1-129:12
	package
		ADDED from src/main/AndroidManifest.xml:4:5-27
		INJECTED from src/main/AndroidManifest.xml
		INJECTED from src/main/AndroidManifest.xml
	android:versionName
		INJECTED from src/main/AndroidManifest.xml
		INJECTED from src/main/AndroidManifest.xml
	xmlns:android
		ADDED from src/main/AndroidManifest.xml:3:11-69
	android:versionCode
		INJECTED from src/main/AndroidManifest.xml
		INJECTED from src/main/AndroidManifest.xml
application
ADDED from src/main/AndroidManifest.xml:6:5-102:19
MERGED from [com.android.support:design:23.2.0] AndroidManifest.xml:22:5-20
MERGED from [com.android.support:appcompat-v7:23.2.0] AndroidManifest.xml:25:5-20
MERGED from [com.android.support:animated-vector-drawable:23.2.0] AndroidManifest.xml:7:5-20
MERGED from [com.android.support:support-vector-drawable:23.2.0] AndroidManifest.xml:7:5-20
MERGED from [com.android.support:support-v4:23.2.0] AndroidManifest.xml:22:5-20
	android:label
		ADDED from src/main/AndroidManifest.xml:9:9-28
	android:supportsRtl
		ADDED from src/main/AndroidManifest.xml:10:9-35
	android:allowBackup
		ADDED from src/main/AndroidManifest.xml:7:9-35
	android:icon
		ADDED from src/main/AndroidManifest.xml:8:9-43
	android:theme
		ADDED from src/main/AndroidManifest.xml:11:9-42
activity#cn.yokey.nsg.LoadActivity
ADDED from src/main/AndroidManifest.xml:13:9-18:20
	android:name
		ADDED from src/main/AndroidManifest.xml:13:19-47
intent-filter#android.intent.action.MAIN+android.intent.category.LAUNCHER
ADDED from src/main/AndroidManifest.xml:14:13-17:29
action#android.intent.action.MAIN
ADDED from src/main/AndroidManifest.xml:15:17-69
	android:name
		ADDED from src/main/AndroidManifest.xml:15:25-66
category#android.intent.category.LAUNCHER
ADDED from src/main/AndroidManifest.xml:16:17-77
	android:name
		ADDED from src/main/AndroidManifest.xml:16:27-74
activity#cn.yokey.nsg.MainActivity
ADDED from src/main/AndroidManifest.xml:20:9-22:70
	android:windowSoftInputMode
		ADDED from src/main/AndroidManifest.xml:22:13-67
	android:name
		ADDED from src/main/AndroidManifest.xml:21:13-41
activity#cn.yokey.nsg.BrowserActivity
ADDED from src/main/AndroidManifest.xml:23:9-25:70
	android:windowSoftInputMode
		ADDED from src/main/AndroidManifest.xml:25:13-67
	android:name
		ADDED from src/main/AndroidManifest.xml:24:13-44
activity#cn.yokey.nsg.HomeActivity
ADDED from src/main/AndroidManifest.xml:26:9-28:70
	android:windowSoftInputMode
		ADDED from src/main/AndroidManifest.xml:28:13-67
	android:name
		ADDED from src/main/AndroidManifest.xml:27:13-41
activity#cn.yokey.nsg.ClassActivity
ADDED from src/main/AndroidManifest.xml:29:9-31:70
	android:windowSoftInputMode
		ADDED from src/main/AndroidManifest.xml:31:13-67
	android:name
		ADDED from src/main/AndroidManifest.xml:30:13-42
activity#cn.yokey.nsg.CartActivity
ADDED from src/main/AndroidManifest.xml:32:9-34:70
	android:windowSoftInputMode
		ADDED from src/main/AndroidManifest.xml:34:13-67
	android:name
		ADDED from src/main/AndroidManifest.xml:33:13-41
activity#cn.yokey.nsg.UserActivity
ADDED from src/main/AndroidManifest.xml:35:9-37:70
	android:windowSoftInputMode
		ADDED from src/main/AndroidManifest.xml:37:13-67
	android:name
		ADDED from src/main/AndroidManifest.xml:36:13-41
activity#cn.yokey.nsg.UserCenterActivity
ADDED from src/main/AndroidManifest.xml:38:9-40:70
	android:windowSoftInputMode
		ADDED from src/main/AndroidManifest.xml:40:13-67
	android:name
		ADDED from src/main/AndroidManifest.xml:39:13-47
activity#cn.yokey.nsg.RegActivity
ADDED from src/main/AndroidManifest.xml:41:9-43:67
	android:windowSoftInputMode
		ADDED from src/main/AndroidManifest.xml:43:13-64
	android:name
		ADDED from src/main/AndroidManifest.xml:42:13-40
activity#cn.yokey.nsg.LoginActivity
ADDED from src/main/AndroidManifest.xml:44:9-46:70
	android:windowSoftInputMode
		ADDED from src/main/AndroidManifest.xml:46:13-67
	android:name
		ADDED from src/main/AndroidManifest.xml:45:13-42
activity#cn.yokey.nsg.CollectionActivity
ADDED from src/main/AndroidManifest.xml:47:9-49:70
	android:windowSoftInputMode
		ADDED from src/main/AndroidManifest.xml:49:13-67
	android:name
		ADDED from src/main/AndroidManifest.xml:48:13-47
activity#cn.yokey.nsg.GoodsDetailActivity
ADDED from src/main/AndroidManifest.xml:50:9-52:70
	android:windowSoftInputMode
		ADDED from src/main/AndroidManifest.xml:52:13-67
	android:name
		ADDED from src/main/AndroidManifest.xml:51:13-48
activity#cn.yokey.nsg.PhotoActivity
ADDED from src/main/AndroidManifest.xml:53:9-55:70
	android:windowSoftInputMode
		ADDED from src/main/AndroidManifest.xml:55:13-67
	android:name
		ADDED from src/main/AndroidManifest.xml:54:13-42
activity#cn.yokey.nsg.SearchActivity
ADDED from src/main/AndroidManifest.xml:56:9-58:70
	android:windowSoftInputMode
		ADDED from src/main/AndroidManifest.xml:58:13-67
	android:name
		ADDED from src/main/AndroidManifest.xml:57:13-43
activity#cn.yokey.nsg.ScanActivity
ADDED from src/main/AndroidManifest.xml:59:9-61:70
	android:windowSoftInputMode
		ADDED from src/main/AndroidManifest.xml:61:13-67
	android:name
		ADDED from src/main/AndroidManifest.xml:60:13-41
activity#cn.yokey.nsg.GoodsSearchActivity
ADDED from src/main/AndroidManifest.xml:62:9-64:70
	android:windowSoftInputMode
		ADDED from src/main/AndroidManifest.xml:64:13-67
	android:name
		ADDED from src/main/AndroidManifest.xml:63:13-48
activity#cn.yokey.nsg.StoreSearchActivity
ADDED from src/main/AndroidManifest.xml:65:9-67:70
	android:windowSoftInputMode
		ADDED from src/main/AndroidManifest.xml:67:13-67
	android:name
		ADDED from src/main/AndroidManifest.xml:66:13-48
activity#cn.yokey.nsg.SettingActivity
ADDED from src/main/AndroidManifest.xml:68:9-70:70
	android:windowSoftInputMode
		ADDED from src/main/AndroidManifest.xml:70:13-67
	android:name
		ADDED from src/main/AndroidManifest.xml:69:13-44
activity#cn.yokey.nsg.AddressActivity
ADDED from src/main/AndroidManifest.xml:71:9-73:70
	android:windowSoftInputMode
		ADDED from src/main/AndroidManifest.xml:73:13-67
	android:name
		ADDED from src/main/AndroidManifest.xml:72:13-44
activity#cn.yokey.nsg.AddressAddActivity
ADDED from src/main/AndroidManifest.xml:74:9-76:67
	android:windowSoftInputMode
		ADDED from src/main/AndroidManifest.xml:76:13-64
	android:name
		ADDED from src/main/AndroidManifest.xml:75:13-47
activity#cn.yokey.nsg.AddressEditActivity
ADDED from src/main/AndroidManifest.xml:77:9-79:67
	android:windowSoftInputMode
		ADDED from src/main/AndroidManifest.xml:79:13-64
	android:name
		ADDED from src/main/AndroidManifest.xml:78:13-48
activity#cn.yokey.nsg.GoodsIntroduceActivity
ADDED from src/main/AndroidManifest.xml:80:9-82:67
	android:windowSoftInputMode
		ADDED from src/main/AndroidManifest.xml:82:13-64
	android:name
		ADDED from src/main/AndroidManifest.xml:81:13-51
activity#cn.yokey.nsg.OrderActivity
ADDED from src/main/AndroidManifest.xml:83:9-85:67
	android:windowSoftInputMode
		ADDED from src/main/AndroidManifest.xml:85:13-64
	android:name
		ADDED from src/main/AndroidManifest.xml:84:13-42
activity#cn.yokey.nsg.OrderRefundActivity
ADDED from src/main/AndroidManifest.xml:86:9-88:67
	android:windowSoftInputMode
		ADDED from src/main/AndroidManifest.xml:88:13-64
	android:name
		ADDED from src/main/AndroidManifest.xml:87:13-48
activity#cn.yokey.nsg.BuySetupActivity
ADDED from src/main/AndroidManifest.xml:89:9-91:67
	android:windowSoftInputMode
		ADDED from src/main/AndroidManifest.xml:91:13-64
	android:name
		ADDED from src/main/AndroidManifest.xml:90:13-45
activity#cn.yokey.nsg.BuyPayActivity
ADDED from src/main/AndroidManifest.xml:92:9-94:67
	android:windowSoftInputMode
		ADDED from src/main/AndroidManifest.xml:94:13-64
	android:name
		ADDED from src/main/AndroidManifest.xml:93:13-43
activity#cn.yokey.nsg.PropertyActivity
ADDED from src/main/AndroidManifest.xml:95:9-97:67
	android:windowSoftInputMode
		ADDED from src/main/AndroidManifest.xml:97:13-64
	android:name
		ADDED from src/main/AndroidManifest.xml:96:13-45
activity#cn.yokey.nsg.OrderRefundDetailedActivity
ADDED from src/main/AndroidManifest.xml:98:9-100:67
	android:windowSoftInputMode
		ADDED from src/main/AndroidManifest.xml:100:13-64
	android:name
		ADDED from src/main/AndroidManifest.xml:99:13-56
uses-permission#android.permission.CAMERA
ADDED from src/main/AndroidManifest.xml:104:5-65
	android:name
		ADDED from src/main/AndroidManifest.xml:104:22-62
uses-permission#android.permission.VIBRATE
ADDED from src/main/AndroidManifest.xml:105:5-66
	android:name
		ADDED from src/main/AndroidManifest.xml:105:22-63
uses-permission#android.permission.INTERNET
ADDED from src/main/AndroidManifest.xml:106:5-67
	android:name
		ADDED from src/main/AndroidManifest.xml:106:22-64
uses-permission#android.permission.BLUETOOTH
ADDED from src/main/AndroidManifest.xml:107:5-68
	android:name
		ADDED from src/main/AndroidManifest.xml:107:22-65
uses-permission#android.permission.WAKE_LOCK
ADDED from src/main/AndroidManifest.xml:108:5-68
	android:name
		ADDED from src/main/AndroidManifest.xml:108:22-65
uses-permission#android.permission.GET_TASKS
ADDED from src/main/AndroidManifest.xml:109:5-68
	android:name
		ADDED from src/main/AndroidManifest.xml:109:22-65
uses-permission#android.permission.CALL_PHONE
ADDED from src/main/AndroidManifest.xml:111:5-69
	android:name
		ADDED from src/main/AndroidManifest.xml:111:22-66
uses-permission#android.permission.FLASHLIGHT
ADDED from src/main/AndroidManifest.xml:112:5-69
	android:name
		ADDED from src/main/AndroidManifest.xml:112:22-66
uses-permission#android.permission.RECEIVE_SMS
ADDED from src/main/AndroidManifest.xml:113:5-70
	android:name
		ADDED from src/main/AndroidManifest.xml:113:22-67
uses-permission#android.permission.GET_ACCOUNTS
ADDED from src/main/AndroidManifest.xml:114:5-71
	android:name
		ADDED from src/main/AndroidManifest.xml:114:22-68
uses-permission#android.permission.READ_CALL_LOG
ADDED from src/main/AndroidManifest.xml:115:5-72
	android:name
		ADDED from src/main/AndroidManifest.xml:115:22-69
uses-permission#android.permission.READ_CONTACTS
ADDED from src/main/AndroidManifest.xml:116:5-72
	android:name
		ADDED from src/main/AndroidManifest.xml:116:22-69
uses-permission#android.permission.MANAGE_ACCOUNTS
ADDED from src/main/AndroidManifest.xml:117:5-74
	android:name
		ADDED from src/main/AndroidManifest.xml:117:22-71
uses-permission#android.permission.BLUETOOTH_ADMIN
ADDED from src/main/AndroidManifest.xml:118:5-74
	android:name
		ADDED from src/main/AndroidManifest.xml:118:22-71
uses-permission#android.permission.READ_PHONE_STATE
ADDED from src/main/AndroidManifest.xml:119:5-75
	android:name
		ADDED from src/main/AndroidManifest.xml:119:22-72
uses-permission#android.permission.ACCESS_WIFI_STATE
ADDED from src/main/AndroidManifest.xml:120:5-76
	android:name
		ADDED from src/main/AndroidManifest.xml:120:22-73
uses-permission#android.permission.CHANGE_WIFI_STATE
ADDED from src/main/AndroidManifest.xml:121:5-76
	android:name
		ADDED from src/main/AndroidManifest.xml:121:22-73
uses-permission#android.permission.ACCESS_FINE_LOCATION
ADDED from src/main/AndroidManifest.xml:122:5-79
	android:name
		ADDED from src/main/AndroidManifest.xml:122:22-76
uses-permission#android.permission.ACCESS_NETWORK_STATE
ADDED from src/main/AndroidManifest.xml:123:5-79
	android:name
		ADDED from src/main/AndroidManifest.xml:123:22-76
uses-permission#android.permission.READ_EXTERNAL_STORAGE
ADDED from src/main/AndroidManifest.xml:124:5-80
	android:name
		ADDED from src/main/AndroidManifest.xml:124:22-77
uses-permission#android.permission.WRITE_EXTERNAL_STORAGE
ADDED from src/main/AndroidManifest.xml:125:5-81
	android:name
		ADDED from src/main/AndroidManifest.xml:125:22-78
uses-permission#android.permission.MOUNT_UNMOUNT_FILESYSTEMS
ADDED from src/main/AndroidManifest.xml:126:5-84
	android:name
		ADDED from src/main/AndroidManifest.xml:126:22-81
uses-permission#com.android.launcher.permission.READ_SETTINGS
ADDED from src/main/AndroidManifest.xml:127:5-85
	android:name
		ADDED from src/main/AndroidManifest.xml:127:22-82
uses-sdk
INJECTED from src/main/AndroidManifest.xml reason: use-sdk injection requested
MERGED from [com.android.support:design:23.2.0] AndroidManifest.xml:20:5-43
MERGED from [com.android.support:recyclerview-v7:23.2.0] AndroidManifest.xml:20:5-43
MERGED from [com.android.support:appcompat-v7:23.2.0] AndroidManifest.xml:21:5-23:78
MERGED from [com.android.support:animated-vector-drawable:23.2.0] AndroidManifest.xml:5:5-44
MERGED from [com.android.support:support-vector-drawable:23.2.0] AndroidManifest.xml:5:5-43
MERGED from [com.commit451:PhotoView:1.2.4] AndroidManifest.xml:8:5-10:41
MERGED from [com.android.support:support-v4:23.2.0] AndroidManifest.xml:20:5-43
	tools:overrideLibrary
		ADDED from [com.android.support:appcompat-v7:23.2.0] AndroidManifest.xml:23:9-75
	android:targetSdkVersion
		INJECTED from src/main/AndroidManifest.xml
		INJECTED from src/main/AndroidManifest.xml
	android:minSdkVersion
		INJECTED from src/main/AndroidManifest.xml
		INJECTED from src/main/AndroidManifest.xml